<?xml version="1.0" encoding="UTF-8"?>
<!-- Generated by org.testng.reporters.JUnitXMLReporter -->
<testsuite hostname="Sudhir" name="Command line test e6527620-8810-47eb-b463-91694ba1b03d" tests="2" failures="1" timestamp="26 Apr 2019 12:21:50 GMT" time="33.919" errors="0">
  <testcase name="loginTest" time="19.447" classname="com.travelmint.TestScripts.TC1"/>
  <testcase name="lTour" time="0.0" classname="com.travelmint.TestScripts.SalesLtour">
    <failure type="java.lang.NullPointerException">
      <![CDATA[java.lang.NullPointerException
	at com.travelmint.TestScripts.SalesLtour.lTour(SalesLtour.java:22)
	at com.travelmint.Runner.Runner.main(Runner.java:72)
... Removed 22 stack frames]]>
    </failure>
  </testcase> <!-- lTour -->
</testsuite> <!-- Command line test e6527620-8810-47eb-b463-91694ba1b03d -->
