<?xml version="1.0" encoding="UTF-8"?>
<!-- Generated by org.testng.reporters.JUnitXMLReporter -->
<testsuite hostname="Sudhir" name="Command line test cec6b32d-20b1-4e08-9288-125cca3de5a2" tests="2" failures="1" timestamp="26 Apr 2019 12:10:51 GMT" time="36.944" errors="0">
  <testcase name="loginTest" time="22.354" classname="com.travelmint.TestScripts.TC1"/>
  <testcase name="lTour" time="0.0" classname="com.travelmint.TestScripts.SalesLtour">
    <failure type="java.lang.NullPointerException">
      <![CDATA[java.lang.NullPointerException
	at com.travelmint.TestScripts.SalesLtour.lTour(SalesLtour.java:20)
	at com.travelmint.Runner.Runner.main(Runner.java:72)
... Removed 22 stack frames]]>
    </failure>
  </testcase> <!-- lTour -->
</testsuite> <!-- Command line test cec6b32d-20b1-4e08-9288-125cca3de5a2 -->
