<?xml version="1.0" encoding="UTF-8"?>
<!-- Generated by org.testng.reporters.JUnitXMLReporter -->
<testsuite hostname="Sudhir" name="Command line test d52d9a9f-24da-4f17-887b-07928963b8e6" tests="2" failures="1" timestamp="26 Apr 2019 13:28:58 GMT" time="43.48" errors="0">
  <testcase name="loginTest" time="18.924" classname="com.travelmint.TestScripts.TC1"/>
  <testcase name="oTour" time="10.0" classname="com.travelmint.TestScripts.SalesLtour">
    <failure type="java.lang.NullPointerException">
      <![CDATA[java.lang.NullPointerException
	at com.travelmint.TestScripts.SalesLtour.oTour(SalesLtour.java:22)
	at com.travelmint.Runner.Runner.main(Runner.java:72)
... Removed 22 stack frames]]>
    </failure>
  </testcase> <!-- oTour -->
</testsuite> <!-- Command line test d52d9a9f-24da-4f17-887b-07928963b8e6 -->
