<?xml version="1.0" encoding="UTF-8"?>
<!-- Generated by org.testng.reporters.JUnitXMLReporter -->
<testsuite hostname="Sudhir" name="Command line test 472c41f4-c765-4ebb-af9c-7f6f94db5033" tests="2" failures="1" timestamp="26 Apr 2019 12:20:46 GMT" time="34.453" errors="0">
  <testcase name="loginTest" time="19.813" classname="com.travelmint.TestScripts.TC1"/>
  <testcase name="lTour" time="0.0" classname="com.travelmint.TestScripts.SalesLtour">
    <failure type="java.lang.NullPointerException">
      <![CDATA[java.lang.NullPointerException
	at com.travelmint.TestScripts.SalesLtour.lTour(SalesLtour.java:22)
	at com.travelmint.Runner.Runner.main(Runner.java:72)
... Removed 22 stack frames]]>
    </failure>
  </testcase> <!-- lTour -->
</testsuite> <!-- Command line test 472c41f4-c765-4ebb-af9c-7f6f94db5033 -->
