<?xml version="1.0" encoding="UTF-8"?>
<testng-results skipped="0" failed="0" total="2" passed="2">
  <reporter-output>
  </reporter-output>
  <suite name="Default suite" duration-ms="44" started-at="2019-05-13T05:59:53Z" finished-at="2019-05-13T05:59:53Z">
    <groups>
    </groups>
    <test name="Default test" duration-ms="44" started-at="2019-05-13T05:59:53Z" finished-at="2019-05-13T05:59:53Z">
      <class name="com.travelmint.TestScripts.AccountsLogin">
        <test-method status="PASS" signature="test1()[pri:0, instance:com.travelmint.TestScripts.AccountsLogin@7c16905e]" name="test1" is-config="true" duration-ms="9" started-at="2019-05-13T11:29:53Z" finished-at="2019-05-13T11:29:53Z">
          <reporter-output>
          </reporter-output>
        </test-method> <!-- test1 -->
        <test-method status="PASS" signature="test2()[pri:0, instance:com.travelmint.TestScripts.AccountsLogin@7c16905e]" name="test2" is-config="true" duration-ms="0" started-at="2019-05-13T11:29:53Z" finished-at="2019-05-13T11:29:53Z">
          <reporter-output>
          </reporter-output>
        </test-method> <!-- test2 -->
        <test-method status="PASS" signature="test3()[pri:0, instance:com.travelmint.TestScripts.AccountsLogin@7c16905e]" name="test3" is-config="true" duration-ms="0" started-at="2019-05-13T11:29:53Z" finished-at="2019-05-13T11:29:53Z">
          <reporter-output>
          </reporter-output>
        </test-method> <!-- test3 -->
        <test-method status="PASS" signature="test4()[pri:0, instance:com.travelmint.TestScripts.AccountsLogin@7c16905e]" name="test4" duration-ms="6" started-at="2019-05-13T11:29:53Z" finished-at="2019-05-13T11:29:53Z">
          <reporter-output>
          </reporter-output>
        </test-method> <!-- test4 -->
        <test-method status="PASS" signature="test5()[pri:0, instance:com.travelmint.TestScripts.AccountsLogin@7c16905e]" name="test5" is-config="true" duration-ms="0" started-at="2019-05-13T11:29:53Z" finished-at="2019-05-13T11:29:53Z">
          <reporter-output>
          </reporter-output>
        </test-method> <!-- test5 -->
        <test-method status="PASS" signature="test3()[pri:0, instance:com.travelmint.TestScripts.AccountsLogin@7c16905e]" name="test3" is-config="true" duration-ms="1" started-at="2019-05-13T11:29:53Z" finished-at="2019-05-13T11:29:53Z">
          <reporter-output>
          </reporter-output>
        </test-method> <!-- test3 -->
        <test-method status="PASS" signature="test4i()[pri:0, instance:com.travelmint.TestScripts.AccountsLogin@7c16905e]" name="test4i" duration-ms="2" started-at="2019-05-13T11:29:53Z" finished-at="2019-05-13T11:29:53Z">
          <reporter-output>
          </reporter-output>
        </test-method> <!-- test4i -->
        <test-method status="PASS" signature="test5()[pri:0, instance:com.travelmint.TestScripts.AccountsLogin@7c16905e]" name="test5" is-config="true" duration-ms="2" started-at="2019-05-13T11:29:53Z" finished-at="2019-05-13T11:29:53Z">
          <reporter-output>
          </reporter-output>
        </test-method> <!-- test5 -->
        <test-method status="PASS" signature="test6()[pri:0, instance:com.travelmint.TestScripts.AccountsLogin@7c16905e]" name="test6" is-config="true" duration-ms="0" started-at="2019-05-13T11:29:53Z" finished-at="2019-05-13T11:29:53Z">
          <reporter-output>
          </reporter-output>
        </test-method> <!-- test6 -->
        <test-method status="PASS" signature="test7()[pri:0, instance:com.travelmint.TestScripts.AccountsLogin@7c16905e]" name="test7" is-config="true" duration-ms="0" started-at="2019-05-13T11:29:53Z" finished-at="2019-05-13T11:29:53Z">
          <reporter-output>
          </reporter-output>
        </test-method> <!-- test7 -->
      </class> <!-- com.travelmint.TestScripts.AccountsLogin -->
    </test> <!-- Default test -->
  </suite> <!-- Default suite -->
</testng-results>
